#
# There is insufficient memory for the Java Runtime Environment to continue.
# Native memory allocation (malloc) failed to allocate 2117648 bytes. Error detail: Chunk::new
# Possible reasons:
#   The system is out of physical RAM or swap space
#   This process is running with CompressedOops enabled, and the Java Heap may be blocking the growth of the native heap
# Possible solutions:
#   Reduce memory load on the system
#   Increase physical memory or swap space
#   Check if swap backing store is full
#   Decrease Java heap size (-Xmx/-Xms)
#   Decrease number of Java threads
#   Decrease Java thread stack sizes (-Xss)
#   Set larger code cache with -XX:ReservedCodeCacheSize=
#   JVM is running with Unscaled Compressed Oops mode in which the Java heap is
#     placed in the first 4GB address space. The Java Heap base address is the
#     maximum limit for the native heap growth. Please use -XX:HeapBaseMinAddress
#     to set the Java Heap base and to place the Java Heap above 4GB virtual address.
# This output file may be truncated or incomplete.
#
#  Out of Memory Error (arena.cpp:149), pid=8628, tid=21660
#
# JRE version: OpenJDK Runtime Environment Temurin-23.0.1+11 (23.0.1+11) (build 23.0.1+11)
# Java VM: OpenJDK 64-Bit Server VM Temurin-23.0.1+11 (23.0.1+11, mixed mode, sharing, tiered, compressed oops, compressed class ptrs, g1 gc, windows-amd64)
# No core dump will be written. Minidumps are not enabled by default on client versions of Windows
#

---------------  S U M M A R Y ------------

Command Line: -ea -Dfile.encoding=UTF-8 -Dstdout.encoding=UTF-8 -Dstderr.encoding=UTF-8 -XX:+ShowCodeDetailsInExceptionMessages org.testng.remote.RemoteTestNG -serport 61588 -protocol json -d C:\Users\HP\eclipse-workspace\Selenium automation\test-output C:\Users\HP\AppData\Local\Temp\testng-eclipse--1736394247\testng-customsuite.xml

Host: Intel(R) Core(TM) i5-4200U CPU @ 1.60GHz, 4 cores, 3G,  Windows 10 , 64 bit Build 19041 (10.0.19041.5072)
Time: Sun Dec 29 18:13:11 2024 Eastern Standard Time elapsed time: 15.015708 seconds (0d 0h 0m 15s)

---------------  T H R E A D  ---------------

Current thread (0x00000184d35483d0):  JavaThread "C2 CompilerThread0" daemon [_thread_in_native, id=21660, stack(0x0000006676600000,0x0000006676700000) (1024K)]


Current CompileTask:
C2:15016 1877       4       java.lang.invoke.MethodType::makeImpl (109 bytes)

Stack: [0x0000006676600000,0x0000006676700000]
Native frames: (J=compiled Java code, j=interpreted, Vv=VM code, C=native code)
V  [jvm.dll+0x6e8c79]  (no source info available)
V  [jvm.dll+0x8d9253]  (no source info available)
V  [jvm.dll+0x8db6de]  (no source info available)
V  [jvm.dll+0x8dbdb3]  (no source info available)
V  [jvm.dll+0x281aa6]  (no source info available)
V  [jvm.dll+0xbbb0f]  (no source info available)
V  [jvm.dll+0xbbd6b]  (no source info available)
V  [jvm.dll+0x3b9ecc]  (no source info available)
V  [jvm.dll+0x3905eb]  (no source info available)
V  [jvm.dll+0x38fa4a]  (no source info available)
V  [jvm.dll+0x24ace1]  (no source info available)
V  [jvm.dll+0x24a03f]  (no source info available)
V  [jvm.dll+0x1c8ea0]  (no source info available)
V  [jvm.dll+0x25a13e]  (no source info available)
V  [jvm.dll+0x25840a]  (no source info available)
V  [jvm.dll+0x3f4706]  (no source info available)
V  [jvm.dll+0x8802ab]  (no source info available)
V  [jvm.dll+0x6e7485]  (no source info available)
C  [ucrtbase.dll+0x21bb2]  (no source info available)
C  [KERNEL32.DLL+0x17374]  (no source info available)
C  [ntdll.dll+0x4cc91]  (no source info available)

Lock stack of current Java thread (top to bottom):


---------------  P R O C E S S  ---------------

Threads class SMR info:
_java_thread_list=0x00000184d396abd0, length=13, elements={
0x00000184bac06660, 0x00000184d353bd90, 0x00000184d353d2a0, 0x00000184d3541030,
0x00000184d3546300, 0x00000184d35455e0, 0x00000184d3543510, 0x00000184d35483d0,
0x00000184d35baf50, 0x00000184d3545c70, 0x00000184d3546990, 0x00000184d3544230,
0x00000184d3543ba0
}

Java Threads: ( => current thread )
  0x00000184bac06660 JavaThread "main"                              [_thread_in_Java, id=22248, stack(0x0000006675800000,0x0000006675900000) (1024K)]
  0x00000184d353bd90 JavaThread "Reference Handler"          daemon [_thread_blocked, id=21304, stack(0x0000006676000000,0x0000006676100000) (1024K)]
  0x00000184d353d2a0 JavaThread "Finalizer"                  daemon [_thread_blocked, id=20508, stack(0x0000006676100000,0x0000006676200000) (1024K)]
  0x00000184d3541030 JavaThread "Signal Dispatcher"          daemon [_thread_blocked, id=12332, stack(0x0000006676200000,0x0000006676300000) (1024K)]
  0x00000184d3546300 JavaThread "Attach Listener"            daemon [_thread_blocked, id=7788, stack(0x0000006676300000,0x0000006676400000) (1024K)]
  0x00000184d35455e0 JavaThread "Service Thread"             daemon [_thread_blocked, id=11960, stack(0x0000006676400000,0x0000006676500000) (1024K)]
  0x00000184d3543510 JavaThread "Monitor Deflation Thread"   daemon [_thread_blocked, id=12148, stack(0x0000006676500000,0x0000006676600000) (1024K)]
=>0x00000184d35483d0 JavaThread "C2 CompilerThread0"         daemon [_thread_in_native, id=21660, stack(0x0000006676600000,0x0000006676700000) (1024K)]
  0x00000184d35baf50 JavaThread "C1 CompilerThread0"         daemon [_thread_in_native, id=22304, stack(0x0000006676700000,0x0000006676800000) (1024K)]
  0x00000184d3545c70 JavaThread "Notification Thread"        daemon [_thread_blocked, id=4004, stack(0x0000006676800000,0x0000006676900000) (1024K)]
  0x00000184d3546990 JavaThread "Common-Cleaner"             daemon [_thread_blocked, id=10764, stack(0x0000006676900000,0x0000006676a00000) (1024K)]
  0x00000184d3544230 JavaThread "ReaderThread"                      [_thread_in_native, id=17896, stack(0x0000006676b00000,0x0000006676c00000) (1024K)]
  0x00000184d3543ba0 JavaThread "ForkJoinPool.commonPool-worker-1" daemon [_thread_blocked, id=18856, stack(0x0000006676f00000,0x0000006677000000) (1024K)]
Total: 13

Other Threads:
  0x00000184bcf27780 VMThread "VM Thread"                           [id=9172, stack(0x0000006675f00000,0x0000006676000000) (1024K)]
  0x00000184bcf16c40 WatcherThread "VM Periodic Task Thread"        [id=13072, stack(0x0000006675e00000,0x0000006675f00000) (1024K)]
  0x00000184bcea0590 WorkerThread "GC Thread#0"                     [id=124, stack(0x0000006675900000,0x0000006675a00000) (1024K)]
  0x0000018519446d70 WorkerThread "GC Thread#1"                     [id=20652, stack(0x0000006676c00000,0x0000006676d00000) (1024K)]
  0x00000185196f9e80 WorkerThread "GC Thread#2"                     [id=16860, stack(0x0000006676d00000,0x0000006676e00000) (1024K)]
  0x00000185196fa230 WorkerThread "GC Thread#3"                     [id=10436, stack(0x0000006676e00000,0x0000006676f00000) (1024K)]
  0x00000184bceab270 ConcurrentGCThread "G1 Main Marker"            [id=11472, stack(0x0000006675a00000,0x0000006675b00000) (1024K)]
  0x00000184bceac5e0 WorkerThread "G1 Conc#0"                       [id=9300, stack(0x0000006675b00000,0x0000006675c00000) (1024K)]
  0x00000184bcf061e0 ConcurrentGCThread "G1 Refine#0"               [id=1480, stack(0x0000006675c00000,0x0000006675d00000) (1024K)]
  0x00000184bcf06b70 ConcurrentGCThread "G1 Service"                [id=4388, stack(0x0000006675d00000,0x0000006675e00000) (1024K)]
Total: 10

Threads with active compile tasks:
C2 CompilerThread0  15145 1877       4       java.lang.invoke.MethodType::makeImpl (109 bytes)
Total: 1

VM state: not at safepoint (normal execution)

VM Mutex/Monitor currently owned by a thread: None

Heap address: 0x00000000c1000000, size: 1008 MB, Compressed Oops mode: 32-bit

CDS archive(s) mapped at: [0x00000184d4000000-0x00000184d4d70000-0x00000184d4d70000), size 14090240, SharedBaseAddress: 0x00000184d4000000, ArchiveRelocationMode: 1.
Compressed class space mapped at: 0x00000184d5000000-0x0000018515000000, reserved size: 1073741824
Narrow klass base: 0x00000184d4000000, Narrow klass shift: 0, Narrow klass range: 0x41000000

GC Precious Log:
 CardTable entry size: 512
 Card Set container configuration: InlinePtr #cards 5 size 8 Array Of Cards #cards 10 size 36 Howl #buckets 4 coarsen threshold 1843 Howl Bitmap #cards 512 size 80 coarsen threshold 460 Card regions per heap region 1 cards per card region 2048
 CPUs: 4 total, 4 available
 Memory: 4026M
 Large Page Support: Disabled
 NUMA Support: Disabled
 Compressed Oops: Enabled (32-bit)
 Heap Region Size: 1M
 Heap Min Capacity: 8M
 Heap Initial Capacity: 64M
 Heap Max Capacity: 1008M
 Pre-touch: Disabled
 Parallel Workers: 4
 Concurrent Workers: 1
 Concurrent Refinement Workers: 4
 Periodic GC: Disabled

Heap:
 garbage-first heap   total reserved 1032192K, committed 65536K, used 15282K [0x00000000c1000000, 0x0000000100000000)
  region size 1024K, 13 young (13312K), 2 survivors (2048K)
 Metaspace       used 13827K, committed 14272K, reserved 1114112K
  class space    used 1678K, committed 1856K, reserved 1048576K

Heap Regions: E=young(eden), S=young(survivor), O=old, HS=humongous(starts), HC=humongous(continues), CS=collection set, F=free, TAMS=top-at-mark-start, PB=parsable bottom
|   0|0x00000000c1000000, 0x00000000c1100000, 0x00000000c1100000|100%|HS|  |TAMS 0x00000000c1000000| PB 0x00000000c1000000| Complete |  0
|   1|0x00000000c1100000, 0x00000000c1200000, 0x00000000c1200000|100%| O|  |TAMS 0x00000000c1100000| PB 0x00000000c1100000| Untracked |  0
|   2|0x00000000c1200000, 0x00000000c1300000, 0x00000000c1300000|100%| O|  |TAMS 0x00000000c1200000| PB 0x00000000c1200000| Untracked |  0
|   3|0x00000000c1300000, 0x00000000c1400000, 0x00000000c1400000|100%| O|  |TAMS 0x00000000c1300000| PB 0x00000000c1300000| Untracked |  0
|   4|0x00000000c1400000, 0x00000000c1491bb0, 0x00000000c1500000| 56%| O|  |TAMS 0x00000000c1400000| PB 0x00000000c1400000| Untracked |  0
|   5|0x00000000c1500000, 0x00000000c1500000, 0x00000000c1600000|  0%| F|  |TAMS 0x00000000c1500000| PB 0x00000000c1500000| Untracked |  0
|   6|0x00000000c1600000, 0x00000000c1600000, 0x00000000c1700000|  0%| F|  |TAMS 0x00000000c1600000| PB 0x00000000c1600000| Untracked |  0
|   7|0x00000000c1700000, 0x00000000c1700000, 0x00000000c1800000|  0%| F|  |TAMS 0x00000000c1700000| PB 0x00000000c1700000| Untracked |  0
|   8|0x00000000c1800000, 0x00000000c1800000, 0x00000000c1900000|  0%| F|  |TAMS 0x00000000c1800000| PB 0x00000000c1800000| Untracked |  0
|   9|0x00000000c1900000, 0x00000000c1900000, 0x00000000c1a00000|  0%| F|  |TAMS 0x00000000c1900000| PB 0x00000000c1900000| Untracked |  0
|  10|0x00000000c1a00000, 0x00000000c1a00000, 0x00000000c1b00000|  0%| F|  |TAMS 0x00000000c1a00000| PB 0x00000000c1a00000| Untracked |  0
|  11|0x00000000c1b00000, 0x00000000c1b00000, 0x00000000c1c00000|  0%| F|  |TAMS 0x00000000c1b00000| PB 0x00000000c1b00000| Untracked |  0
|  12|0x00000000c1c00000, 0x00000000c1c00000, 0x00000000c1d00000|  0%| F|  |TAMS 0x00000000c1c00000| PB 0x00000000c1c00000| Untracked |  0
|  13|0x00000000c1d00000, 0x00000000c1d00000, 0x00000000c1e00000|  0%| F|  |TAMS 0x00000000c1d00000| PB 0x00000000c1d00000| Untracked |  0
|  14|0x00000000c1e00000, 0x00000000c1e00000, 0x00000000c1f00000|  0%| F|  |TAMS 0x00000000c1e00000| PB 0x00000000c1e00000| Untracked |  0
|  15|0x00000000c1f00000, 0x00000000c1f00000, 0x00000000c2000000|  0%| F|  |TAMS 0x00000000c1f00000| PB 0x00000000c1f00000| Untracked |  0
|  16|0x00000000c2000000, 0x00000000c2000000, 0x00000000c2100000|  0%| F|  |TAMS 0x00000000c2000000| PB 0x00000000c2000000| Untracked |  0
|  17|0x00000000c2100000, 0x00000000c2100000, 0x00000000c2200000|  0%| F|  |TAMS 0x00000000c2100000| PB 0x00000000c2100000| Untracked |  0
|  18|0x00000000c2200000, 0x00000000c2200000, 0x00000000c2300000|  0%| F|  |TAMS 0x00000000c2200000| PB 0x00000000c2200000| Untracked |  0
|  19|0x00000000c2300000, 0x00000000c2300000, 0x00000000c2400000|  0%| F|  |TAMS 0x00000000c2300000| PB 0x00000000c2300000| Untracked |  0
|  20|0x00000000c2400000, 0x00000000c2400000, 0x00000000c2500000|  0%| F|  |TAMS 0x00000000c2400000| PB 0x00000000c2400000| Untracked |  0
|  21|0x00000000c2500000, 0x00000000c2500000, 0x00000000c2600000|  0%| F|  |TAMS 0x00000000c2500000| PB 0x00000000c2500000| Untracked |  0
|  22|0x00000000c2600000, 0x00000000c2600000, 0x00000000c2700000|  0%| F|  |TAMS 0x00000000c2600000| PB 0x00000000c2600000| Untracked |  0
|  23|0x00000000c2700000, 0x00000000c2700000, 0x00000000c2800000|  0%| F|  |TAMS 0x00000000c2700000| PB 0x00000000c2700000| Untracked |  0
|  24|0x00000000c2800000, 0x00000000c2800000, 0x00000000c2900000|  0%| F|  |TAMS 0x00000000c2800000| PB 0x00000000c2800000| Untracked |  0
|  25|0x00000000c2900000, 0x00000000c2900000, 0x00000000c2a00000|  0%| F|  |TAMS 0x00000000c2900000| PB 0x00000000c2900000| Untracked |  0
|  26|0x00000000c2a00000, 0x00000000c2a00000, 0x00000000c2b00000|  0%| F|  |TAMS 0x00000000c2a00000| PB 0x00000000c2a00000| Untracked |  0
|  27|0x00000000c2b00000, 0x00000000c2b00000, 0x00000000c2c00000|  0%| F|  |TAMS 0x00000000c2b00000| PB 0x00000000c2b00000| Untracked |  0
|  28|0x00000000c2c00000, 0x00000000c2c00000, 0x00000000c2d00000|  0%| F|  |TAMS 0x00000000c2c00000| PB 0x00000000c2c00000| Untracked |  0
|  29|0x00000000c2d00000, 0x00000000c2d00000, 0x00000000c2e00000|  0%| F|  |TAMS 0x00000000c2d00000| PB 0x00000000c2d00000| Untracked |  0
|  30|0x00000000c2e00000, 0x00000000c2e00000, 0x00000000c2f00000|  0%| F|  |TAMS 0x00000000c2e00000| PB 0x00000000c2e00000| Untracked |  0
|  31|0x00000000c2f00000, 0x00000000c2f00000, 0x00000000c3000000|  0%| F|  |TAMS 0x00000000c2f00000| PB 0x00000000c2f00000| Untracked |  0
|  32|0x00000000c3000000, 0x00000000c3000000, 0x00000000c3100000|  0%| F|  |TAMS 0x00000000c3000000| PB 0x00000000c3000000| Untracked |  0
|  33|0x00000000c3100000, 0x00000000c3100000, 0x00000000c3200000|  0%| F|  |TAMS 0x00000000c3100000| PB 0x00000000c3100000| Untracked |  0
|  34|0x00000000c3200000, 0x00000000c3200000, 0x00000000c3300000|  0%| F|  |TAMS 0x00000000c3200000| PB 0x00000000c3200000| Untracked |  0
|  35|0x00000000c3300000, 0x00000000c3300000, 0x00000000c3400000|  0%| F|  |TAMS 0x00000000c3300000| PB 0x00000000c3300000| Untracked |  0
|  36|0x00000000c3400000, 0x00000000c3400000, 0x00000000c3500000|  0%| F|  |TAMS 0x00000000c3400000| PB 0x00000000c3400000| Untracked |  0
|  37|0x00000000c3500000, 0x00000000c3500000, 0x00000000c3600000|  0%| F|  |TAMS 0x00000000c3500000| PB 0x00000000c3500000| Untracked |  0
|  38|0x00000000c3600000, 0x00000000c3600000, 0x00000000c3700000|  0%| F|  |TAMS 0x00000000c3600000| PB 0x00000000c3600000| Untracked |  0
|  39|0x00000000c3700000, 0x00000000c3700000, 0x00000000c3800000|  0%| F|  |TAMS 0x00000000c3700000| PB 0x00000000c3700000| Untracked |  0
|  40|0x00000000c3800000, 0x00000000c3800000, 0x00000000c3900000|  0%| F|  |TAMS 0x00000000c3800000| PB 0x00000000c3800000| Untracked |  0
|  41|0x00000000c3900000, 0x00000000c3900000, 0x00000000c3a00000|  0%| F|  |TAMS 0x00000000c3900000| PB 0x00000000c3900000| Untracked |  0
|  42|0x00000000c3a00000, 0x00000000c3a00000, 0x00000000c3b00000|  0%| F|  |TAMS 0x00000000c3a00000| PB 0x00000000c3a00000| Untracked |  0
|  43|0x00000000c3b00000, 0x00000000c3b00000, 0x00000000c3c00000|  0%| F|  |TAMS 0x00000000c3b00000| PB 0x00000000c3b00000| Untracked |  0
|  44|0x00000000c3c00000, 0x00000000c3c00000, 0x00000000c3d00000|  0%| F|  |TAMS 0x00000000c3c00000| PB 0x00000000c3c00000| Untracked |  0
|  45|0x00000000c3d00000, 0x00000000c3d00000, 0x00000000c3e00000|  0%| F|  |TAMS 0x00000000c3d00000| PB 0x00000000c3d00000| Untracked |  0
|  46|0x00000000c3e00000, 0x00000000c3e00000, 0x00000000c3f00000|  0%| F|  |TAMS 0x00000000c3e00000| PB 0x00000000c3e00000| Untracked |  0
|  47|0x00000000c3f00000, 0x00000000c3f5aff0, 0x00000000c4000000| 35%| S|CS|TAMS 0x00000000c3f00000| PB 0x00000000c3f00000| Complete |  0
|  48|0x00000000c4000000, 0x00000000c4000000, 0x00000000c4100000|  0%| F|  |TAMS 0x00000000c4000000| PB 0x00000000c4000000| Untracked |  0
|  49|0x00000000c4100000, 0x00000000c4100000, 0x00000000c4200000|  0%| F|  |TAMS 0x00000000c4100000| PB 0x00000000c4100000| Untracked |  0
|  50|0x00000000c4200000, 0x00000000c4300000, 0x00000000c4300000|100%| S|CS|TAMS 0x00000000c4200000| PB 0x00000000c4200000| Complete |  0
|  51|0x00000000c4300000, 0x00000000c4300000, 0x00000000c4400000|  0%| F|  |TAMS 0x00000000c4300000| PB 0x00000000c4300000| Untracked |  0
|  52|0x00000000c4400000, 0x00000000c4400000, 0x00000000c4500000|  0%| F|  |TAMS 0x00000000c4400000| PB 0x00000000c4400000| Untracked |  0
|  53|0x00000000c4500000, 0x00000000c4540ff0, 0x00000000c4600000| 25%| E|  |TAMS 0x00000000c4500000| PB 0x00000000c4500000| Complete |  0
|  54|0x00000000c4600000, 0x00000000c4700000, 0x00000000c4700000|100%| E|CS|TAMS 0x00000000c4600000| PB 0x00000000c4600000| Complete |  0
|  55|0x00000000c4700000, 0x00000000c4800000, 0x00000000c4800000|100%| E|CS|TAMS 0x00000000c4700000| PB 0x00000000c4700000| Complete |  0
|  56|0x00000000c4800000, 0x00000000c4900000, 0x00000000c4900000|100%| E|CS|TAMS 0x00000000c4800000| PB 0x00000000c4800000| Complete |  0
|  57|0x00000000c4900000, 0x00000000c4a00000, 0x00000000c4a00000|100%| E|CS|TAMS 0x00000000c4900000| PB 0x00000000c4900000| Complete |  0
|  58|0x00000000c4a00000, 0x00000000c4b00000, 0x00000000c4b00000|100%| E|CS|TAMS 0x00000000c4a00000| PB 0x00000000c4a00000| Complete |  0
|  59|0x00000000c4b00000, 0x00000000c4c00000, 0x00000000c4c00000|100%| E|CS|TAMS 0x00000000c4b00000| PB 0x00000000c4b00000| Complete |  0
|  60|0x00000000c4c00000, 0x00000000c4d00000, 0x00000000c4d00000|100%| E|CS|TAMS 0x00000000c4c00000| PB 0x00000000c4c00000| Complete |  0
|  61|0x00000000c4d00000, 0x00000000c4e00000, 0x00000000c4e00000|100%| E|  |TAMS 0x00000000c4d00000| PB 0x00000000c4d00000| Complete |  0
|  62|0x00000000c4e00000, 0x00000000c4f00000, 0x00000000c4f00000|100%| E|CS|TAMS 0x00000000c4e00000| PB 0x00000000c4e00000| Complete |  0
|  63|0x00000000c4f00000, 0x00000000c5000000, 0x00000000c5000000|100%| E|CS|TAMS 0x00000000c4f00000| PB 0x00000000c4f00000| Complete |  0

Card table byte_map: [0x00000184cff10000,0x00000184d0110000] _byte_map_base: 0x00000184cf908000

Marking Bits: (CMBitMap*) 0x00000184bcea0bb0
 Bits: [0x00000184d0110000, 0x00000184d10d0000)

Polling page: 0x00000184bae60000

Metaspace:

Usage:
  Non-class:     11.90 MB used.
      Class:      1.64 MB used.
       Both:     13.54 MB used.

Virtual space:
  Non-class space:       64.00 MB reserved,      12.12 MB ( 19%) committed,  1 nodes.
      Class space:        1.00 GB reserved,       1.81 MB ( <1%) committed,  1 nodes.
             Both:        1.06 GB reserved,      13.94 MB (  1%) committed. 

Chunk freelists:
   Non-Class:  2.95 MB
       Class:  14.22 MB
        Both:  17.17 MB

MaxMetaspaceSize: unlimited
CompressedClassSpaceSize: 1.00 GB
Initial GC threshold: 21.00 MB
Current GC threshold: 21.00 MB
CDS: on
 - commit_granule_bytes: 65536.
 - commit_granule_words: 8192.
 - virtual_space_node_default_size: 8388608.
 - enlarge_chunks_in_place: 1.
 - use_allocation_guard: 0.


Internal statistics:

num_allocs_failed_limit: 0.
num_arena_births: 420.
num_arena_deaths: 0.
num_vsnodes_births: 2.
num_vsnodes_deaths: 0.
num_space_committed: 223.
num_space_uncommitted: 0.
num_chunks_returned_to_freelist: 0.
num_chunks_taken_from_freelist: 775.
num_chunk_merges: 0.
num_chunk_splits: 443.
num_chunks_enlarged: 228.
num_inconsistent_stats: 0.

CodeHeap 'non-profiled nmethods': size=120064Kb used=586Kb max_used=586Kb free=119478Kb
 bounds [0x00000184c87d0000, 0x00000184c8a40000, 0x00000184cfd10000]
CodeHeap 'profiled nmethods': size=120000Kb used=3032Kb max_used=3032Kb free=116967Kb
 bounds [0x00000184c0d10000, 0x00000184c1010000, 0x00000184c8240000]
CodeHeap 'non-nmethods': size=5696Kb used=1503Kb max_used=1503Kb free=4192Kb
 bounds [0x00000184c8240000, 0x00000184c84b0000, 0x00000184c87d0000]
CodeCache: size=245760Kb, used=5121Kb, max_used=5121Kb, free=240637Kb
 total_blobs=2770, nmethods=2182, adapters=493, full_count=0
Compilation: enabled, stopped_count=0, restarted_count=0

Compilation events (20 events):
Event: 15.005 Thread 0x00000184d35baf50 nmethod 2142 0x00000184c8860c88 code [0x00000184c8860da0, 0x00000184c8860e70]
Event: 15.005 Thread 0x00000184d35baf50 2143       1       sun.security.x509.KeyUsageExtension::getName (3 bytes)
Event: 15.005 Thread 0x00000184d35baf50 nmethod 2143 0x00000184c8860f88 code [0x00000184c88610a0, 0x00000184c8861170]
Event: 15.005 Thread 0x00000184d35baf50 2144       1       sun.security.x509.X509CertInfo::getAlgorithmId (5 bytes)
Event: 15.006 Thread 0x00000184d35baf50 nmethod 2144 0x00000184c8861288 code [0x00000184c88613a0, 0x00000184c8861468]
Event: 15.006 Thread 0x00000184d35baf50 2137       1       sun.security.util.BitArray::length (5 bytes)
Event: 15.006 Thread 0x00000184d35baf50 nmethod 2137 0x00000184c8861588 code [0x00000184c88616a0, 0x00000184c8861768]
Event: 15.006 Thread 0x00000184d35baf50 2139       1       sun.security.x509.AlgorithmId::getParameters (5 bytes)
Event: 15.006 Thread 0x00000184d35baf50 nmethod 2139 0x00000184c8861888 code [0x00000184c88619a0, 0x00000184c8861a68]
Event: 15.006 Thread 0x00000184d35baf50 2145       1       sun.security.x509.CertificateAlgorithmId::getAlgId (5 bytes)
Event: 15.006 Thread 0x00000184d35baf50 nmethod 2145 0x00000184c8861b88 code [0x00000184c8861ca0, 0x00000184c8861d68]
Event: 15.007 Thread 0x00000184d35baf50 2148       3       java.math.BigInteger::compareTo (75 bytes)
Event: 15.007 Thread 0x00000184d35baf50 nmethod 2148 0x00000184c0ff8388 code [0x00000184c0ff84e0, 0x00000184c0ff87b8]
Event: 15.009 Thread 0x00000184d35baf50 2150       2       sun.security.jca.Providers::getProviderList (14 bytes)
Event: 15.009 Thread 0x00000184d35baf50 nmethod 2150 0x00000184c0ff8808 code [0x00000184c0ff8940, 0x00000184c0ff8ad8]
Event: 15.009 Thread 0x00000184d35baf50 2151       2       sun.security.jca.Providers::getThreadProviderList (18 bytes)
Event: 15.010 Thread 0x00000184d35baf50 nmethod 2151 0x00000184c0ff8b08 code [0x00000184c0ff8c40, 0x00000184c0ff8dd8]
Event: 15.010 Thread 0x00000184d35baf50 2152       2       sun.security.jca.Providers::getSystemProviderList (4 bytes)
Event: 15.010 Thread 0x00000184d35baf50 nmethod 2152 0x00000184c0ff8e08 code [0x00000184c0ff8f20, 0x00000184c0ff9010]
Event: 15.010 Thread 0x00000184d35baf50 2153       2       java.math.BigInteger::<init> (126 bytes)

GC Heap History (4 events):
Event: 10.070 GC heap before
{Heap before GC invocations=0 (full 0):
 garbage-first heap   total reserved 1032192K, committed 65536K, used 15360K [0x00000000c1000000, 0x0000000100000000)
  region size 1024K, 14 young (14336K), 0 survivors (0K)
 Metaspace       used 6479K, committed 6720K, reserved 1114112K
  class space    used 758K, committed 832K, reserved 1048576K
}
Event: 10.079 GC heap after
{Heap after GC invocations=1 (full 0):
 garbage-first heap   total reserved 1032192K, committed 65536K, used 4560K [0x00000000c1000000, 0x0000000100000000)
  region size 1024K, 2 young (2048K), 2 survivors (2048K)
 Metaspace       used 6479K, committed 6720K, reserved 1114112K
  class space    used 758K, committed 832K, reserved 1048576K
}
Event: 14.638 GC heap before
{Heap before GC invocations=1 (full 0):
 garbage-first heap   total reserved 1032192K, committed 65536K, used 17872K [0x00000000c1000000, 0x0000000100000000)
  region size 1024K, 15 young (15360K), 2 survivors (2048K)
 Metaspace       used 10199K, committed 10624K, reserved 1114112K
  class space    used 1288K, committed 1472K, reserved 1048576K
}
Event: 14.645 GC heap after
{Heap after GC invocations=2 (full 0):
 garbage-first heap   total reserved 1032192K, committed 65536K, used 6066K [0x00000000c1000000, 0x0000000100000000)
  region size 1024K, 2 young (2048K), 2 survivors (2048K)
 Metaspace       used 10199K, committed 10624K, reserved 1114112K
  class space    used 1288K, committed 1472K, reserved 1048576K
}

Dll operation events (8 events):
Event: 0.058 Loaded shared library C:\Users\HP\.p2\pool\plugins\org.eclipse.justj.openjdk.hotspot.jre.full.win32.x86_64_23.0.1.v20241024-1700\jre\bin\java.dll
Event: 1.044 Loaded shared library C:\Users\HP\.p2\pool\plugins\org.eclipse.justj.openjdk.hotspot.jre.full.win32.x86_64_23.0.1.v20241024-1700\jre\bin\net.dll
Event: 1.049 Loaded shared library C:\Users\HP\.p2\pool\plugins\org.eclipse.justj.openjdk.hotspot.jre.full.win32.x86_64_23.0.1.v20241024-1700\jre\bin\nio.dll
Event: 1.363 Loaded shared library C:\Users\HP\.p2\pool\plugins\org.eclipse.justj.openjdk.hotspot.jre.full.win32.x86_64_23.0.1.v20241024-1700\jre\bin\zip.dll
Event: 1.376 Loaded shared library C:\Users\HP\.p2\pool\plugins\org.eclipse.justj.openjdk.hotspot.jre.full.win32.x86_64_23.0.1.v20241024-1700\jre\bin\zip.dll
Event: 9.062 Loaded shared library C:\Users\HP\.p2\pool\plugins\org.eclipse.justj.openjdk.hotspot.jre.full.win32.x86_64_23.0.1.v20241024-1700\jre\bin\jimage.dll
Event: 9.142 Loaded shared library C:\Users\HP\.p2\pool\plugins\org.eclipse.justj.openjdk.hotspot.jre.full.win32.x86_64_23.0.1.v20241024-1700\jre\bin\verify.dll
Event: 9.336 Loaded shared library C:\Users\HP\.p2\pool\plugins\org.eclipse.justj.openjdk.hotspot.jre.full.win32.x86_64_23.0.1.v20241024-1700\jre\bin\extnet.dll

Deoptimization events (20 events):
Event: 14.675 Thread 0x00000184bac06660 Uncommon trap: trap_request=0xffffffc6 fr.pc=0x00000184c885628c relative=0x00000000000008cc
Event: 14.675 Thread 0x00000184bac06660 Uncommon trap: reason=bimorphic_or_optimized_type_check action=maybe_recompile pc=0x00000184c885628c method=java.util.HashMap.putVal(ILjava/lang/Object;Ljava/lang/Object;ZZ)Ljava/lang/Object; @ 203 c2
Event: 14.675 Thread 0x00000184bac06660 DEOPT PACKING pc=0x00000184c885628c sp=0x00000066758fc730
Event: 14.675 Thread 0x00000184bac06660 DEOPT UNPACKING pc=0x00000184c8294402 sp=0x00000066758fc658 mode 2
Event: 14.680 Thread 0x00000184bac06660 Uncommon trap: trap_request=0xffffffc6 fr.pc=0x00000184c885628c relative=0x00000000000008cc
Event: 14.680 Thread 0x00000184bac06660 Uncommon trap: reason=bimorphic_or_optimized_type_check action=maybe_recompile pc=0x00000184c885628c method=java.util.HashMap.putVal(ILjava/lang/Object;Ljava/lang/Object;ZZ)Ljava/lang/Object; @ 203 c2
Event: 14.680 Thread 0x00000184bac06660 DEOPT PACKING pc=0x00000184c885628c sp=0x00000066758fc730
Event: 14.680 Thread 0x00000184bac06660 DEOPT UNPACKING pc=0x00000184c8294402 sp=0x00000066758fc658 mode 2
Event: 14.697 Thread 0x00000184bac06660 Uncommon trap: trap_request=0xffffffde fr.pc=0x00000184c884efd8 relative=0x0000000000000838
Event: 14.697 Thread 0x00000184bac06660 Uncommon trap: reason=class_check action=maybe_recompile pc=0x00000184c884efd8 method=java.util.HashMap.putVal(ILjava/lang/Object;Ljava/lang/Object;ZZ)Ljava/lang/Object; @ 203 c2
Event: 14.697 Thread 0x00000184bac06660 DEOPT PACKING pc=0x00000184c884efd8 sp=0x00000066758faf20
Event: 14.697 Thread 0x00000184bac06660 DEOPT UNPACKING pc=0x00000184c8294402 sp=0x00000066758faed0 mode 2
Event: 14.698 Thread 0x00000184bac06660 Uncommon trap: trap_request=0xffffffde fr.pc=0x00000184c8849054 relative=0x00000000000002f4
Event: 14.698 Thread 0x00000184bac06660 Uncommon trap: reason=class_check action=maybe_recompile pc=0x00000184c8849054 method=java.util.regex.Pattern$BmpCharPropertyGreedy.match(Ljava/util/regex/Matcher;ILjava/lang/CharSequence;)Z @ 26 c2
Event: 14.698 Thread 0x00000184bac06660 DEOPT PACKING pc=0x00000184c8849054 sp=0x00000066758fae50
Event: 14.698 Thread 0x00000184bac06660 DEOPT UNPACKING pc=0x00000184c8294402 sp=0x00000066758fae08 mode 2
Event: 14.907 Thread 0x00000184bac06660 Uncommon trap: trap_request=0xffffff45 fr.pc=0x00000184c87d83b0 relative=0x0000000000000190
Event: 14.907 Thread 0x00000184bac06660 Uncommon trap: reason=unstable_if action=reinterpret pc=0x00000184c87d83b0 method=jdk.internal.util.ArraysSupport.vectorizedHashCode(Ljava/lang/Object;IIII)I @ 2 c2
Event: 14.907 Thread 0x00000184bac06660 DEOPT PACKING pc=0x00000184c87d83b0 sp=0x00000066758faff0
Event: 14.907 Thread 0x00000184bac06660 DEOPT UNPACKING pc=0x00000184c8294402 sp=0x00000066758fafa0 mode 2

Classes loaded (20 events):
Event: 14.920 Loading class sun/security/x509/DNSName
Event: 14.920 Loading class sun/security/x509/DNSName done
Event: 14.921 Loading class java/security/cert/PolicyQualifierInfo
Event: 14.921 Loading class java/security/cert/PolicyQualifierInfo done
Event: 14.921 Loading class sun/security/x509/CRLDistributionPointsExtension
Event: 14.921 Loading class sun/security/x509/CRLDistributionPointsExtension done
Event: 14.921 Loading class sun/security/x509/DistributionPoint
Event: 14.921 Loading class sun/security/x509/DistributionPoint done
Event: 14.922 Loading class sun/security/x509/SubjectAlternativeNameExtension
Event: 14.922 Loading class sun/security/x509/SubjectAlternativeNameExtension done
Event: 14.922 Loading class sun/security/x509/RFC822Name
Event: 14.922 Loading class sun/security/x509/RFC822Name done
Event: 14.941 Loading class sun/security/x509/NetscapeCertTypeExtension
Event: 14.941 Loading class sun/security/x509/NetscapeCertTypeExtension done
Event: 14.941 Loading class sun/security/x509/NetscapeCertTypeExtension$MapEntry
Event: 14.941 Loading class sun/security/x509/NetscapeCertTypeExtension$MapEntry done
Event: 14.963 Loading class sun/security/x509/PrivateKeyUsageExtension
Event: 14.964 Loading class sun/security/x509/PrivateKeyUsageExtension done
Event: 14.964 Loading class java/security/cert/CertificateException
Event: 14.964 Loading class java/security/cert/CertificateException done

Classes unloaded (0 events):
No events

Classes redefined (0 events):
No events

Internal exceptions (20 events):
Event: 14.521 Thread 0x00000184bac06660 Exception <a 'java/lang/NoSuchMethodError'{0x00000000c4582d10}: 'long java.lang.invoke.DirectMethodHandle$Holder.invokeVirtual(java.lang.Object, java.lang.Object)'> (0x00000000c4582d10) 
thrown [s\src\hotspot\share\interpreter\linkResolver.cpp, line 796]
Event: 14.529 Thread 0x00000184bac06660 Exception <a 'java/lang/NoSuchMethodError'{0x00000000c45ae888}: 'java.lang.Object java.lang.invoke.DirectMethodHandle$Holder.invokeVirtual(java.lang.Object, java.lang.Object, java.lang.Object)'> (0x00000000c45ae888) 
thrown [s\src\hotspot\share\interpreter\linkResolver.cpp, line 796]
Event: 14.609 Thread 0x00000184bac06660 Exception <a 'java/lang/NoSuchMethodError'{0x00000000c4363218}: 'java.lang.Object java.lang.invoke.DirectMethodHandle$Holder.invokeStatic(java.lang.Object, java.lang.Object, int)'> (0x00000000c4363218) 
thrown [s\src\hotspot\share\interpreter\linkResolver.cpp, line 796]
Event: 14.609 Thread 0x00000184bac06660 Exception <a 'java/lang/NoSuchMethodError'{0x00000000c43668b0}: 'java.lang.Object java.lang.invoke.DirectMethodHandle$Holder.invokeStaticInit(java.lang.Object, java.lang.Object, int)'> (0x00000000c43668b0) 
thrown [s\src\hotspot\share\interpreter\linkResolver.cpp, line 796]
Event: 14.610 Thread 0x00000184bac06660 Exception <a 'java/lang/NoSuchMethodError'{0x00000000c436c280}: 'java.lang.Object java.lang.invoke.DirectMethodHandle$Holder.newInvokeSpecial(java.lang.Object, java.lang.Object, int)'> (0x00000000c436c280) 
thrown [s\src\hotspot\share\interpreter\linkResolver.cpp, line 796]
Event: 14.612 Thread 0x00000184bac06660 Exception <a 'java/lang/NoSuchMethodError'{0x00000000c437f850}: 'int java.lang.invoke.DirectMethodHandle$Holder.invokeSpecialIFC(java.lang.Object, java.lang.Object, java.lang.Object)'> (0x00000000c437f850) 
thrown [s\src\hotspot\share\interpreter\linkResolver.cpp, line 796]
Event: 14.623 Thread 0x00000184bac06660 Exception <a 'java/lang/NoSuchMethodError'{0x00000000c43a6d88}: 'java.lang.Object java.lang.invoke.DirectMethodHandle$Holder.invokeStaticInit(java.lang.Object, java.lang.Object, java.lang.Object, java.lang.Object, java.lang.Object, java.lang.Object, java.lang.Object)'> (0x00000000c43a6d88) 
thrown [s\src\hotspot\share\interpreter\linkResolver.cpp, line 796]
Event: 14.625 Thread 0x00000184bac06660 Exception <a 'java/lang/NoSuchMethodError'{0x00000000c43afa70}: 'int java.lang.invoke.DirectMethodHandle$Holder.invokeVirtual(java.lang.Object, java.lang.Object, java.lang.Object)'> (0x00000000c43afa70) 
thrown [s\src\hotspot\share\interpreter\linkResolver.cpp, line 796]
Event: 14.626 Thread 0x00000184bac06660 Exception <a 'java/lang/NoSuchMethodError'{0x00000000c43b4028}: 'int java.lang.invoke.DirectMethodHandle$Holder.invokeStaticInit(java.lang.Object, int, int)'> (0x00000000c43b4028) 
thrown [s\src\hotspot\share\interpreter\linkResolver.cpp, line 796]
Event: 14.627 Thread 0x00000184bac06660 Exception <a 'java/lang/NoSuchMethodError'{0x00000000c43bba20}: 'int java.lang.invoke.DirectMethodHandle$Holder.invokeStaticInit(java.lang.Object, long, long)'> (0x00000000c43bba20) 
thrown [s\src\hotspot\share\interpreter\linkResolver.cpp, line 796]
Event: 14.628 Thread 0x00000184bac06660 Exception <a 'java/lang/NoSuchMethodError'{0x00000000c43c2778}: 'int java.lang.invoke.DirectMethodHandle$Holder.invokeStaticInit(java.lang.Object, float, float)'> (0x00000000c43c2778) 
thrown [s\src\hotspot\share\interpreter\linkResolver.cpp, line 796]
Event: 14.629 Thread 0x00000184bac06660 Exception <a 'java/lang/NoSuchMethodError'{0x00000000c43c94c8}: 'int java.lang.invoke.DirectMethodHandle$Holder.invokeStaticInit(java.lang.Object, double, double)'> (0x00000000c43c94c8) 
thrown [s\src\hotspot\share\interpreter\linkResolver.cpp, line 796]
Event: 14.632 Thread 0x00000184bac06660 Exception <a 'java/lang/NoSuchMethodError'{0x00000000c43d40b8}: 'int java.lang.invoke.DirectMethodHandle$Holder.invokeStatic(java.lang.Object, long)'> (0x00000000c43d40b8) 
thrown [s\src\hotspot\share\interpreter\linkResolver.cpp, line 796]
Event: 14.635 Thread 0x00000184bac06660 Exception <a 'java/lang/NoSuchMethodError'{0x00000000c43e8328}: 'int java.lang.invoke.DirectMethodHandle$Holder.invokeSpecial(java.lang.Object, java.lang.Object, java.lang.Object, java.lang.Object)'> (0x00000000c43e8328) 
thrown [s\src\hotspot\share\interpreter\linkResolver.cpp, line 796]
Event: 14.637 Thread 0x00000184bac06660 Exception <a 'java/lang/NoSuchMethodError'{0x00000000c43f96e8}: 'java.lang.Object java.lang.invoke.DirectMethodHandle$Holder.invokeStatic(java.lang.Object, int, java.lang.Object, java.lang.Object)'> (0x00000000c43f96e8) 
thrown [s\src\hotspot\share\interpreter\linkResolver.cpp, line 796]
Event: 14.637 Thread 0x00000184bac06660 Exception <a 'java/lang/NoSuchMethodError'{0x00000000c43fd640}: 'java.lang.Object java.lang.invoke.DirectMethodHandle$Holder.invokeSpecial(java.lang.Object, java.lang.Object, int, java.lang.Object, java.lang.Object)'> (0x00000000c43fd640) 
thrown [s\src\hotspot\share\interpreter\linkResolver.cpp, line 796]
Event: 14.646 Thread 0x00000184bac06660 Exception <a 'java/lang/NoSuchMethodError'{0x00000000c4f012e8}: 'java.lang.Object java.lang.invoke.DelegatingMethodHandle$Holder.delegate(java.lang.Object, int, java.lang.Object, java.lang.Object)'> (0x00000000c4f012e8) 
thrown [s\src\hotspot\share\interpreter\linkResolver.cpp, line 796]
Event: 14.651 Thread 0x00000184bac06660 Exception <a 'java/lang/NoSuchMethodError'{0x00000000c4f10f78}: 'int java.lang.invoke.Invokers$Holder.linkToTargetMethod(java.lang.Object, java.lang.Object, java.lang.Object)'> (0x00000000c4f10f78) 
thrown [s\src\hotspot\share\interpreter\linkResolver.cpp, line 796]
Event: 14.657 Thread 0x00000184bac06660 Exception <a 'java/lang/NoSuchMethodError'{0x00000000c4f2c800}: 'long java.lang.invoke.DirectMethodHandle$Holder.invokeSpecial(java.lang.Object, java.lang.Object)'> (0x00000000c4f2c800) 
thrown [s\src\hotspot\share\interpreter\linkResolver.cpp, line 796]
Event: 14.729 Thread 0x00000184bac06660 Exception <a 'sun/nio/fs/WindowsException'{0x00000000c4e42660}> (0x00000000c4e42660) 
thrown [s\src\hotspot\share\prims\jni.cpp, line 520]

VM Operations (20 events):
Event: 10.070 Executing VM operation: G1CollectForAllocation (G1 Evacuation Pause)
Event: 10.079 Executing VM operation: G1CollectForAllocation (G1 Evacuation Pause) done
Event: 10.362 Executing VM operation: HandshakeAllThreads (Deoptimize)
Event: 10.362 Executing VM operation: HandshakeAllThreads (Deoptimize) done
Event: 10.374 Executing VM operation: HandshakeAllThreads (Deoptimize)
Event: 10.374 Executing VM operation: HandshakeAllThreads (Deoptimize) done
Event: 10.480 Executing VM operation: HandshakeAllThreads (Deoptimize)
Event: 10.480 Executing VM operation: HandshakeAllThreads (Deoptimize) done
Event: 10.484 Executing VM operation: HandshakeAllThreads (Deoptimize)
Event: 10.484 Executing VM operation: HandshakeAllThreads (Deoptimize) done
Event: 10.641 Executing VM operation: HandshakeAllThreads (Deoptimize)
Event: 10.641 Executing VM operation: HandshakeAllThreads (Deoptimize) done
Event: 14.638 Executing VM operation: G1CollectForAllocation (G1 Evacuation Pause)
Event: 14.645 Executing VM operation: G1CollectForAllocation (G1 Evacuation Pause) done
Event: 14.665 Executing VM operation: HandshakeAllThreads (Deoptimize)
Event: 14.665 Executing VM operation: HandshakeAllThreads (Deoptimize) done
Event: 14.731 Executing VM operation: HandshakeAllThreads (Deoptimize)
Event: 14.731 Executing VM operation: HandshakeAllThreads (Deoptimize) done
Event: 14.894 Executing VM operation: HandshakeAllThreads (Deoptimize)
Event: 14.894 Executing VM operation: HandshakeAllThreads (Deoptimize) done

Memory protections (0 events):
No events

Nmethod flushes (0 events):
No events

Events (15 events):
Event: 0.230 Thread 0x00000184bac06660 Thread added: 0x00000184bac06660
Event: 0.287 Thread 0x00000184bac06660 Thread added: 0x00000184d353bd90
Event: 0.288 Thread 0x00000184bac06660 Thread added: 0x00000184d353d2a0
Event: 0.294 Thread 0x00000184bac06660 Thread added: 0x00000184d3541030
Event: 0.294 Thread 0x00000184bac06660 Thread added: 0x00000184d3546300
Event: 0.294 Thread 0x00000184bac06660 Thread added: 0x00000184d35455e0
Event: 0.295 Thread 0x00000184bac06660 Thread added: 0x00000184d3543510
Event: 0.295 Thread 0x00000184bac06660 Thread added: 0x00000184d35483d0
Event: 0.510 Thread 0x00000184bac06660 Thread added: 0x00000184d35baf50
Event: 1.030 Thread 0x00000184bac06660 Thread added: 0x00000184d3545c70
Event: 1.037 Thread 0x00000184bac06660 Thread added: 0x00000184d3546990
Event: 9.375 Thread 0x00000184bac06660 Thread added: 0x00000184d3544230
Event: 10.691 Thread 0x00000184bac06660 Thread added: 0x00000184d3543ba0
Event: 14.503 Thread 0x00000184d3543ba0 Thread exited: 0x00000184d3543ba0
Event: 14.585 Thread 0x00000184bac06660 Thread added: 0x00000184d3543ba0


Dynamic libraries:
0x00007ff681050000 - 0x00007ff68105e000 	C:\Users\HP\.p2\pool\plugins\org.eclipse.justj.openjdk.hotspot.jre.full.win32.x86_64_23.0.1.v20241024-1700\jre\bin\javaw.exe
0x00007ff83aff0000 - 0x00007ff83b1e8000 	C:\Windows\SYSTEM32\ntdll.dll
0x00007ff83a470000 - 0x00007ff83a532000 	C:\Windows\System32\KERNEL32.DLL
0x00007ff838730000 - 0x00007ff838a2e000 	C:\Windows\System32\KERNELBASE.dll
0x00007ff838f10000 - 0x00007ff839010000 	C:\Windows\System32\ucrtbase.dll
0x00007ff8164d0000 - 0x00007ff8164e7000 	C:\Users\HP\.p2\pool\plugins\org.eclipse.justj.openjdk.hotspot.jre.full.win32.x86_64_23.0.1.v20241024-1700\jre\bin\jli.dll
0x00007ff83a540000 - 0x00007ff83a6dd000 	C:\Windows\System32\USER32.dll
0x00007ff838e50000 - 0x00007ff838e72000 	C:\Windows\System32\win32u.dll
0x00007ff8391d0000 - 0x00007ff8391fb000 	C:\Windows\System32\GDI32.dll
0x00007ff838be0000 - 0x00007ff838cf7000 	C:\Windows\System32\gdi32full.dll
0x00007ff838690000 - 0x00007ff83872d000 	C:\Windows\System32\msvcp_win.dll
0x00007ff827410000 - 0x00007ff8276aa000 	C:\Windows\WinSxS\amd64_microsoft.windows.common-controls_6595b64144ccf1df_6.0.19041.4355_none_60b8b9eb71f62e16\COMCTL32.dll
0x00007ff839010000 - 0x00007ff8390ae000 	C:\Windows\System32\msvcrt.dll
0x00007ff814ae0000 - 0x00007ff814afe000 	C:\Users\HP\.p2\pool\plugins\org.eclipse.justj.openjdk.hotspot.jre.full.win32.x86_64_23.0.1.v20241024-1700\jre\bin\VCRUNTIME140.dll
0x00007ff83a6f0000 - 0x00007ff83a71f000 	C:\Windows\System32\IMM32.DLL
0x00007ff822580000 - 0x00007ff82258c000 	C:\Users\HP\.p2\pool\plugins\org.eclipse.justj.openjdk.hotspot.jre.full.win32.x86_64_23.0.1.v20241024-1700\jre\bin\vcruntime140_1.dll
0x00007ff8097a0000 - 0x00007ff80982d000 	C:\Users\HP\.p2\pool\plugins\org.eclipse.justj.openjdk.hotspot.jre.full.win32.x86_64_23.0.1.v20241024-1700\jre\bin\msvcp140.dll
0x00007ffff7e40000 - 0x00007ffff8c0d000 	C:\Users\HP\.p2\pool\plugins\org.eclipse.justj.openjdk.hotspot.jre.full.win32.x86_64_23.0.1.v20241024-1700\jre\bin\server\jvm.dll
0x00007ff839a20000 - 0x00007ff839ad1000 	C:\Windows\System32\ADVAPI32.dll
0x00007ff839130000 - 0x00007ff8391cf000 	C:\Windows\System32\sechost.dll
0x00007ff839dc0000 - 0x00007ff839ee3000 	C:\Windows\System32\RPCRT4.dll
0x00007ff838d70000 - 0x00007ff838d97000 	C:\Windows\System32\bcrypt.dll
0x00007ff839ef0000 - 0x00007ff839f5b000 	C:\Windows\System32\WS2_32.dll
0x00007ff837bd0000 - 0x00007ff837c1b000 	C:\Windows\SYSTEM32\POWRPROF.dll
0x00007ff829170000 - 0x00007ff829197000 	C:\Windows\SYSTEM32\WINMM.dll
0x00007ff831090000 - 0x00007ff83109a000 	C:\Windows\SYSTEM32\VERSION.dll
0x00007ff837a90000 - 0x00007ff837aa2000 	C:\Windows\SYSTEM32\UMPDC.dll
0x00007ff836510000 - 0x00007ff836522000 	C:\Windows\SYSTEM32\kernel.appcore.dll
0x00007ff8351c0000 - 0x00007ff8351ca000 	C:\Users\HP\.p2\pool\plugins\org.eclipse.justj.openjdk.hotspot.jre.full.win32.x86_64_23.0.1.v20241024-1700\jre\bin\jimage.dll
0x00007ff817730000 - 0x00007ff817914000 	C:\Windows\SYSTEM32\DBGHELP.DLL
0x00007ff8176f0000 - 0x00007ff817724000 	C:\Windows\SYSTEM32\dbgcore.DLL
0x00007ff838e80000 - 0x00007ff838f02000 	C:\Windows\System32\bcryptPrimitives.dll
0x00007ff834e20000 - 0x00007ff834e3e000 	C:\Users\HP\.p2\pool\plugins\org.eclipse.justj.openjdk.hotspot.jre.full.win32.x86_64_23.0.1.v20241024-1700\jre\bin\java.dll
0x00007ff839bd0000 - 0x00007ff839cfb000 	C:\Windows\System32\ole32.dll
0x00007ff83a0b0000 - 0x00007ff83a403000 	C:\Windows\System32\combase.dll
0x00007ff839200000 - 0x00007ff83996d000 	C:\Windows\System32\SHELL32.dll
0x00007ff836710000 - 0x00007ff836eb4000 	C:\Windows\SYSTEM32\windows.storage.dll
0x00007ff8380c0000 - 0x00007ff8380ee000 	C:\Windows\SYSTEM32\Wldp.dll
0x00007ff839ae0000 - 0x00007ff839bad000 	C:\Windows\System32\OLEAUT32.dll
0x00007ff839d10000 - 0x00007ff839dbd000 	C:\Windows\System32\SHCORE.dll
0x00007ff83a8d0000 - 0x00007ff83a925000 	C:\Windows\System32\shlwapi.dll
0x00007ff8385c0000 - 0x00007ff8385e4000 	C:\Windows\SYSTEM32\profapi.dll
0x00007ff834f40000 - 0x00007ff834f50000 	C:\Users\HP\.p2\pool\plugins\org.eclipse.justj.openjdk.hotspot.jre.full.win32.x86_64_23.0.1.v20241024-1700\jre\bin\net.dll
0x00007ff837e20000 - 0x00007ff837e8a000 	C:\Windows\system32\mswsock.dll
0x00007ff8260b0000 - 0x00007ff8260c6000 	C:\Users\HP\.p2\pool\plugins\org.eclipse.justj.openjdk.hotspot.jre.full.win32.x86_64_23.0.1.v20241024-1700\jre\bin\nio.dll
0x00007ff8260d0000 - 0x00007ff8260e7000 	C:\Users\HP\.p2\pool\plugins\org.eclipse.justj.openjdk.hotspot.jre.full.win32.x86_64_23.0.1.v20241024-1700\jre\bin\zip.dll
0x00007ff8349f0000 - 0x00007ff834a00000 	C:\Users\HP\.p2\pool\plugins\org.eclipse.justj.openjdk.hotspot.jre.full.win32.x86_64_23.0.1.v20241024-1700\jre\bin\verify.dll
0x00007ff837af0000 - 0x00007ff837bba000 	C:\Windows\SYSTEM32\DNSAPI.dll
0x00007ff837ab0000 - 0x00007ff837aeb000 	C:\Windows\SYSTEM32\IPHLPAPI.DLL
0x00007ff839f60000 - 0x00007ff839f68000 	C:\Windows\System32\NSI.dll
0x00007ff826e10000 - 0x00007ff826e1a000 	C:\Windows\System32\rasadhlp.dll
0x00007ff827970000 - 0x00007ff8279f0000 	C:\Windows\System32\fwpuclnt.dll
0x00007ff8225f0000 - 0x00007ff8225f9000 	C:\Users\HP\.p2\pool\plugins\org.eclipse.justj.openjdk.hotspot.jre.full.win32.x86_64_23.0.1.v20241024-1700\jre\bin\extnet.dll
0x00007ff838020000 - 0x00007ff838038000 	C:\Windows\SYSTEM32\CRYPTSP.dll
0x00007ff8376d0000 - 0x00007ff837704000 	C:\Windows\system32\rsaenh.dll
0x00007ff838540000 - 0x00007ff83856e000 	C:\Windows\SYSTEM32\USERENV.dll
0x00007ff838010000 - 0x00007ff83801c000 	C:\Windows\SYSTEM32\CRYPTBASE.dll
0x00007ff82eb80000 - 0x00007ff82eb8e000 	C:\Users\HP\.p2\pool\plugins\org.eclipse.justj.openjdk.hotspot.jre.full.win32.x86_64_23.0.1.v20241024-1700\jre\bin\sunmscapi.dll
0x00007ff838a30000 - 0x00007ff838b8c000 	C:\Windows\System32\CRYPT32.dll
0x00007ff838130000 - 0x00007ff838157000 	C:\Windows\SYSTEM32\ncrypt.dll
0x00007ff8380f0000 - 0x00007ff83812b000 	C:\Windows\SYSTEM32\NTASN1.dll

dbghelp: loaded successfully - version: 4.0.5 - missing functions: none
symbol engine: initialized successfully - sym options: 0x614 - pdb path: .;C:\Users\HP\.p2\pool\plugins\org.eclipse.justj.openjdk.hotspot.jre.full.win32.x86_64_23.0.1.v20241024-1700\jre\bin;C:\Windows\SYSTEM32;C:\Windows\WinSxS\amd64_microsoft.windows.common-controls_6595b64144ccf1df_6.0.19041.4355_none_60b8b9eb71f62e16;C:\Users\HP\.p2\pool\plugins\org.eclipse.justj.openjdk.hotspot.jre.full.win32.x86_64_23.0.1.v20241024-1700\jre\bin\server

VM Arguments:
jvm_args: -ea -Dfile.encoding=UTF-8 -Dstdout.encoding=UTF-8 -Dstderr.encoding=UTF-8 -XX:+ShowCodeDetailsInExceptionMessages 
java_command: org.testng.remote.RemoteTestNG -serport 61588 -protocol json -d C:\Users\HP\eclipse-workspace\Selenium automation\test-output C:\Users\HP\AppData\Local\Temp\testng-eclipse--1736394247\testng-customsuite.xml
java_class_path (initial): C:\Users\HP\eclipse\java-2024-09\eclipse\configuration\org.eclipse.osgi\526\0\.cp\lib\testng-remote.jar;C:\Users\HP\eclipse-workspace\Selenium automation\target\test-classes;C:\Users\HP\eclipse-workspace\Selenium automation\target\classes;C:\Users\HP\.m2\repository\org\seleniumhq\selenium\selenium-java\4.27.0\selenium-java-4.27.0.jar;C:\Users\HP\.m2\repository\org\seleniumhq\selenium\selenium-api\4.27.0\selenium-api-4.27.0.jar;C:\Users\HP\.m2\repository\org\jspecify\jspecify\1.0.0\jspecify-1.0.0.jar;C:\Users\HP\.m2\repository\org\seleniumhq\selenium\selenium-chrome-driver\4.27.0\selenium-chrome-driver-4.27.0.jar;C:\Users\HP\.m2\repository\com\google\auto\service\auto-service-annotations\1.1.1\auto-service-annotations-1.1.1.jar;C:\Users\HP\.m2\repository\org\seleniumhq\selenium\selenium-chromium-driver\4.27.0\selenium-chromium-driver-4.27.0.jar;C:\Users\HP\.m2\repository\org\seleniumhq\selenium\selenium-json\4.27.0\selenium-json-4.27.0.jar;C:\Users\HP\.m2\repository\org\seleniumhq\selenium\selenium-manager\4.27.0\selenium-manager-4.27.0.jar;C:\Users\HP\.m2\repository\org\seleniumhq\selenium\selenium-devtools-v129\4.27.0\selenium-devtools-v129-4.27.0.jar;C:\Users\HP\.m2\repository\org\seleniumhq\selenium\selenium-devtools-v130\4.27.0\selenium-devtools-v130-4.27.0.jar;C:\Users\HP\.m2\repository\org\seleniumhq\selenium\selenium-devtools-v131\4.27.0\selenium-devtools-v131-4.27.0.jar;C:\Users\HP\.m2\repository\org\seleniumhq\selenium\selenium-devtools-v85\4.27.0\selenium-devtools-v85-4.27.0.jar;C:\Users\HP\.m2\repository\org\seleniumhq\selenium\selenium-edge-driver\4.27.0\selenium-edge-driver-4.27.0.jar;C:\Users\HP\.m2\repository\org\seleniumhq\selenium\selenium-firefox-driver\4.27.0\selenium-firefox-driver-4.27.0.jar;C:\Users\HP\.m2\repository\org\seleniumhq\selenium\selenium-http\4.27.0\selenium-http-4.27.0.jar;C:\Users\HP\.m2\repository\dev\failsafe\failsafe\3.3.2\failsafe-3.3.2.jar;C:\Users\HP\.m2\repository\org\seleniumhq\selenium\selenium-ie-driver\4.27.0\selenium-ie-driver-4.27.0.jar;C:\Users\HP\.m2\repository\org\seleniumhq\selenium\selenium-remote-driver\4.27.0\selenium-remote-driver-4.27.0.jar;C:\Users\HP\.m2\repository\com\google\guava\guava\33.3.1-jre\guava-33.3.1-jre.jar;C:\Users\HP\.m2\repository\com\google\guava\failureaccess\1.0.2\failureaccess-1.0.2.jar;C:\Users\HP\.m2\repository\com\google\guava\listenablefuture\9999.0-empty-to-avoid-conflict-with-guava\listenablefuture-9999.0-empty-to-avoid-conflict-with-guava.jar;C:\Users\HP\.m2\repository\com\google\code\findbugs\jsr305\3.0.2\jsr305-3.0.2.jar;C:\Users\HP\.m2\repository\org\checkerframework\checker-qual\3.43.0\checker-qual-3.43.0.jar;C:\Users\HP\.m2\repository\com\google\errorprone\error_prone_annotations\2.28.0\error_prone_annotations-2.28.0.jar;C:\Users\HP\.m2\repository\com\google\j2objc\j2objc-annotations\3.0.0\j2objc-annotations-3.0.0.jar;C:\Users\HP\.m2\repository\io\opentelemetry\semconv\opentelemetry-semconv\1.25.0-alpha\opentelemetry-semconv-1.25.0-alpha.jar;C:\Users\HP\.m2\repository\io\opentelemetry\opentelemetry-api\1.44.1\opentelemetry-api-1.44.1.jar;C:\Users\HP\.m2\repository\io\opentelemetry\opentelemetry-context\1.44.1\opentelemetry-context-1.44.1.jar;C:\Users\HP\.m2\repository\io\opentelemetry\opentelemetry-exporter-logging\1.44.1\opentelemetry-exporter-logging-1.44.1.jar;C:\Users\HP\.m2\repository\io\opentelemetry\opentelemetry-sdk-common\1.44.1\opentelemetry-sdk-common-1.44.1.jar;C:\Users\HP\.m2\repository\io\opentelemetry\opentelemetry-sdk-extension-autoconfigure-spi\1.44.1\opentelemetry-sdk-extension-autoconfigure-spi-1.44.1.jar;C:\Users\HP\.m2\repository\io\opentelemetry\opentelemetry-sdk-extension-autoconfigure\1.44.1\opentelemetry-sdk-extension-autoconfigure-1.44.1.jar;C:\Users\HP\.m2\repository\io\opentelemetry\opentelemetry-api-incubator\1.44.1-alpha\opentelemetry-api-incubator-1.44.1-alpha.jar;C:\Users\HP\.m2\repository\io\opentelemetry\opentelemetry-sdk-trace\1.44.1\opentelemetry-sdk-trace-1.44.1.jar;C:\Users\HP\.m2\repository\io\opentelemetry\opentelemetry-sdk\1.44.1\opentelemetry-sdk-1.44.1.jar;C:\Users\HP\.m2\repository\io\opentelemetry\opentelemetry-sdk-metrics\1.44.1\opentelemetry-sdk-metrics-1.44.1.jar;C:\Users\HP\.m2\repository\io\opentelemetry\opentelemetry-sdk-logs\1.44.1\opentelemetry-sdk-logs-1.44.1.jar;C:\Users\HP\.m2\repository\net\bytebuddy\byte-buddy\1.15.10\byte-buddy-1.15.10.jar;C:\Users\HP\.m2\repository\org\seleniumhq\selenium\selenium-os\4.27.0\selenium-os-4.27.0.jar;C:\Users\HP\.m2\repository\org\apache\commons\commons-exec\1.4.0\commons-exec-1.4.0.jar;C:\Users\HP\.m2\repository\org\seleniumhq\selenium\selenium-safari-driver\4.27.0\selenium-safari-driver-4.27.0.jar;C:\Users\HP\.m2\repository\org\seleniumhq\selenium\selenium-support\4.27.0\selenium-support-4.27.0.jar;C:\Users\HP\.m2\repository\org\testng\testng\7.9.0\testng-7.9.0.jar;C:\Users\HP\.m2\repository\org\slf4j\slf4j-api\1.7.36\slf4j-api-1.7.36.jar;C:\Users\HP\.m2\repository\com\beust\jcommander\1.82\jcommander-1.82.jar;C:\Users\HP\.m2\repository\org\webjars\jquery\3.7.1\jquery-3.7.1.jar
Launcher Type: SUN_STANDARD

[Global flags]
     intx CICompilerCount                          = 3                                         {product} {ergonomic}
     uint ConcGCThreads                            = 1                                         {product} {ergonomic}
     uint G1ConcRefinementThreads                  = 4                                         {product} {ergonomic}
   size_t G1HeapRegionSize                         = 1048576                                   {product} {ergonomic}
   size_t InitialHeapSize                          = 67108864                                  {product} {ergonomic}
   size_t MarkStackSize                            = 4194304                                   {product} {ergonomic}
   size_t MarkStackSizeMax                         = 536870912                                 {product} {ergonomic}
   size_t MaxHeapSize                              = 1056964608                                {product} {ergonomic}
   size_t MaxNewSize                               = 633339904                                 {product} {ergonomic}
   size_t MinHeapDeltaBytes                        = 1048576                                   {product} {ergonomic}
   size_t MinHeapSize                              = 8388608                                   {product} {ergonomic}
    uintx NonNMethodCodeHeapSize                   = 5832704                                {pd product} {ergonomic}
    uintx NonProfiledCodeHeapSize                  = 122945536                              {pd product} {ergonomic}
    uintx ProfiledCodeHeapSize                     = 122880000                              {pd product} {ergonomic}
    uintx ReservedCodeCacheSize                    = 251658240                              {pd product} {ergonomic}
     bool SegmentedCodeCache                       = true                                      {product} {ergonomic}
     bool ShowCodeDetailsInExceptionMessages       = true                                   {manageable} {command line}
   size_t SoftMaxHeapSize                          = 1056964608                             {manageable} {ergonomic}
     bool UseCompressedOops                        = true                           {product lp64_product} {ergonomic}
     bool UseG1GC                                  = true                                      {product} {ergonomic}
     bool UseLargePagesIndividualAllocation        = false                                  {pd product} {ergonomic}

Logging:
Log output configuration:
 #0: stdout all=warning uptime,level,tags foldmultilines=false
 #1: stderr all=off uptime,level,tags foldmultilines=false

Environment Variables:
PATH=C:/Users/HP/.p2/pool/plugins/org.eclipse.justj.openjdk.hotspot.jre.full.win32.x86_64_23.0.1.v20241024-1700/jre/bin/server;C:/Users/HP/.p2/pool/plugins/org.eclipse.justj.openjdk.hotspot.jre.full.win32.x86_64_23.0.1.v20241024-1700/jre/bin;C:\Program Files\Common Files\Oracle\Java\javapath;C:\Windows\system32;C:\Windows;C:\Windows\System32\Wbem;C:\Windows\System32\WindowsPowerShell\v1.0\;C:\Windows\System32\OpenSSH\;C:\Users\HP\AppData\Local\Microsoft\WindowsApps;;C:\Users\HP\Desktop;
USERNAME=HP
OS=Windows_NT
PROCESSOR_IDENTIFIER=Intel64 Family 6 Model 69 Stepping 1, GenuineIntel
TMP=C:\Users\HP\AppData\Local\Temp
TEMP=C:\Users\HP\AppData\Local\Temp




Periodic native trim disabled

---------------  S Y S T E M  ---------------

OS:
 Windows 10 , 64 bit Build 19041 (10.0.19041.5072)
OS uptime: 6 days 0:17 hours

CPU: total 4 (initial active 4) (2 cores per cpu, 2 threads per core) family 6 model 69 stepping 1 microcode 0x25, cx8, cmov, fxsr, ht, mmx, sse, sse2, sse3, ssse3, sse4.1, sse4.2, popcnt, lzcnt, tsc, tscinvbit, avx, avx2, aes, erms, clmul, bmi1, bmi2, fma, vzeroupper, clflush, rdtscp, f16c
Processor Information for the first 4 processors :
  Max Mhz: 2301, Current Mhz: 2301, Mhz Limit: 2301

Memory: 4k page, system-wide physical 4026M (250M free)
TotalPageFile size 16314M (AvailPageFile size 3M)
current process WorkingSet (physical memory assigned to process): 104M, peak: 104M
current process commit charge ("private bytes"): 177M, peak: 177M

vm_info: OpenJDK 64-Bit Server VM (23.0.1+11) for windows-amd64 JRE (23.0.1+11), built on 2024-10-15T00:00:00Z with MS VC++ 17.7 (VS2022)

END.
